<?xml version="1.0"?>
<testsuites>
  <testsuite name="PhantomJS 1.9.8 (Linux)" package="" timestamp="2015-07-31T10:47:24" id="0" hostname="patryk-Satellite-A300D">
    <properties>
      <property name="browser.fullName" value="Mozilla/5.0 (Unknown; Linux x86_64) AppleWebKit/534.34 (KHTML, like Gecko) PhantomJS/1.9.8 Safari/534.34"/>
    </properties>
  </testsuite>
  <testsuite name="PhantomJS 1.9.8 (Linux)" package="" timestamp="2015-07-31T10:47:24" id="0" hostname="patryk-Satellite-A300D" tests="3" errors="1" failures="3" time="0.031">
    <properties>
      <property name="browser.fullName" value="Mozilla/5.0 (Unknown; Linux x86_64) AppleWebKit/534.34 (KHTML, like Gecko) PhantomJS/1.9.8 Safari/534.34"/>
    </properties>
    <testcase name="should display &quot;My name is : Box. I am 50px and red&quot; alert message" time="0.025" classname="PhantomJS 1.9.8 (Linux).box smallBox">
      <failure type="">Error: [$injector:modulerr] Failed to instantiate module templates due to:
Error: [$injector:nomod] Module &apos;templates&apos; is not available! You either misspelled the module name or forgot to load it. If registering a module ensure that you specify the dependencies as the second argument.
http://errors.angularjs.org/1.3.15/$injector/nomod?p0=templates
    at /home/patryk/AngularJS-exercises/angular-egghead-exercises/app/bower_components/angular/angular.js:1776
    at ensure (/home/patryk/AngularJS-exercises/angular-egghead-exercises/app/bower_components/angular/angular.js:1698)
    at module (/home/patryk/AngularJS-exercises/angular-egghead-exercises/app/bower_components/angular/angular.js:1994)
    at /home/patryk/AngularJS-exercises/angular-egghead-exercises/app/bower_components/angular/angular.js:4115
    at forEach (/home/patryk/AngularJS-exercises/angular-egghead-exercises/app/bower_components/angular/angular.js:323)
    at loadModules (/home/patryk/AngularJS-exercises/angular-egghead-exercises/app/bower_components/angular/angular.js:4141)
    at createInjector (/home/patryk/AngularJS-exercises/angular-egghead-exercises/app/bower_components/angular/angular.js:4025)
    at workFn (/home/patryk/AngularJS-exercises/angular-egghead-exercises/app/bower_components/angular-mocks/angular-mocks.js:2425)
http://errors.angularjs.org/1.3.15/$injector/modulerr?p0=templates&amp;p1=Error%3A%20%5B%24injector%3Anomod%5D%20Module%20&apos;templates&apos;%20is%20not%20available!%20You%20either%20misspelled%20the%20module%20name%20or%20forgot%20to%20load%20it.%20If%20registering%20a%20module%20ensure%20that%20you%20specify%20the%20dependencies%20as%20the%20second%20argument.%0Ahttp%3A%2F%2Ferrors.angularjs.org%2F1.3.15%2F%24injector%2Fnomod%3Fp0%3Dtemplates%0A%20%20%20%20at%20http%3A%2F%2Flocalhost%3A8081%2Fbase%2Fbower_components%2Fangular%2Fangular.js%3F700aefbda5f040bf61b7dc120ae1f82780ecbe1a%3A1776%0A%20%20%20%20at%20ensure%20(http%3A%2F%2Flocalhost%3A8081%2Fbase%2Fbower_components%2Fangular%2Fangular.js%3F700aefbda5f040bf61b7dc120ae1f82780ecbe1a%3A1698)%0A%20%20%20%20at%20module%20(http%3A%2F%2Flocalhost%3A8081%2Fbase%2Fbower_components%2Fangular%2Fangular.js%3F700aefbda5f040bf61b7dc120ae1f82780ecbe1a%3A1994)%0A%20%20%20%20at%20http%3A%2F%2Flocalhost%3A8081%2Fbase%2Fbower_components%2Fangular%2Fangular.js%3F700aefbda5f040bf61b7dc120ae1f82780ecbe1a%3A4115%0A%20%20%20%20at%20forEach%20(http%3A%2F%2Flocalhost%3A8081%2Fbase%2Fbower_components%2Fangular%2Fangular.js%3F700aefbda5f040bf61b7dc120ae1f82780ecbe1a%3A323)%0A%20%20%20%20at%20loadModules%20(http%3A%2F%2Flocalhost%3A8081%2Fbase%2Fbower_components%2Fangular%2Fangular.js%3F700aefbda5f040bf61b7dc120ae1f82780ecbe1a%3A4141)%0A%20%20%20%20at%20createInjector%20(http%3A%2F%2Flocalhost%3A8081%2Fbase%2Fbower_components%2Fangular%2Fangular.js%3F700aefbda5f040bf61b7dc120ae1f82780ecbe1a%3A4025)%0A%20%20%20%20at%20workFn%20(http%3A%2F%2Flocalhost%3A8081%2Fbase%2Fbower_components%2Fangular-mocks%2Fangular-mocks.js%3F781c09126d10c39566c0470b478221b008c575ff%3A2425)%0A%20%20%20%20at%20http%3A%2F%2Flocalhost%3A8081%2Fabsolute%2Fhome%2Fpatryk%2FAngularJS-exercises%2Fangular-egghead-exercises%2Fnode_modules%2Fkarma-jasmine%2Flib%2Fjasmine.js%3F437512c57124d57f5ec77e2e82bfb4e3cdd15cce%3A1145%0A%20%20%20%20at%20http%3A%2F%2Flocalhost%3A8081%2Fabsolute%2Fhome%2Fpatryk%2FAngularJS-exercises%2Fangular-egghead-exercises%2Fnode_modules%2Fkarma-jasmine%2Flib%2Fjasmine.js%3F437512c57124d57f5ec77e2e82bfb4e3cdd15cce%3A2177%0A%20%20%20%20at%20http%3A%2F%2Flocalhost%3A8081%2Fabsolute%2Fhome%2Fpatryk%2FAngularJS-exercises%2Fangular-egghead-exercises%2Fnode_modules%2Fkarma-jasmine%2Flib%2Fjasmine.js%3F437512c57124d57f5ec77e2e82bfb4e3cdd15cce%3A2167
    at /home/patryk/AngularJS-exercises/angular-egghead-exercises/app/bower_components/angular/angular.js:4139
    at forEach (/home/patryk/AngularJS-exercises/angular-egghead-exercises/app/bower_components/angular/angular.js:323)
    at loadModules (/home/patryk/AngularJS-exercises/angular-egghead-exercises/app/bower_components/angular/angular.js:4141)
    at createInjector (/home/patryk/AngularJS-exercises/angular-egghead-exercises/app/bower_components/angular/angular.js:4025)
    at workFn (/home/patryk/AngularJS-exercises/angular-egghead-exercises/app/bower_components/angular-mocks/angular-mocks.js:2425)
</failure>
      <failure type="">spyOn could not find an object to spy upon for alert()
</failure>
      <failure type="">TypeError: &apos;undefined&apos; is not an object (evaluating &apos;button.triggerHandler&apos;)
    at /home/patryk/AngularJS-exercises/angular-egghead-exercises/test/unit/box.spec.js:44
</failure>
    </testcase>
    <testcase name="should display &quot;My name is : Box. I am 70px and red&quot; alert message" time="0.003" classname="PhantomJS 1.9.8 (Linux).box mediumBox">
      <failure type="">Error: [$injector:modulerr] Failed to instantiate module templates due to:
Error: [$injector:nomod] Module &apos;templates&apos; is not available! You either misspelled the module name or forgot to load it. If registering a module ensure that you specify the dependencies as the second argument.
http://errors.angularjs.org/1.3.15/$injector/nomod?p0=templates
    at /home/patryk/AngularJS-exercises/angular-egghead-exercises/app/bower_components/angular/angular.js:1776
    at ensure (/home/patryk/AngularJS-exercises/angular-egghead-exercises/app/bower_components/angular/angular.js:1698)
    at module (/home/patryk/AngularJS-exercises/angular-egghead-exercises/app/bower_components/angular/angular.js:1994)
    at /home/patryk/AngularJS-exercises/angular-egghead-exercises/app/bower_components/angular/angular.js:4115
    at forEach (/home/patryk/AngularJS-exercises/angular-egghead-exercises/app/bower_components/angular/angular.js:323)
    at loadModules (/home/patryk/AngularJS-exercises/angular-egghead-exercises/app/bower_components/angular/angular.js:4141)
    at createInjector (/home/patryk/AngularJS-exercises/angular-egghead-exercises/app/bower_components/angular/angular.js:4025)
    at workFn (/home/patryk/AngularJS-exercises/angular-egghead-exercises/app/bower_components/angular-mocks/angular-mocks.js:2425)
http://errors.angularjs.org/1.3.15/$injector/modulerr?p0=templates&amp;p1=Error%3A%20%5B%24injector%3Anomod%5D%20Module%20&apos;templates&apos;%20is%20not%20available!%20You%20either%20misspelled%20the%20module%20name%20or%20forgot%20to%20load%20it.%20If%20registering%20a%20module%20ensure%20that%20you%20specify%20the%20dependencies%20as%20the%20second%20argument.%0Ahttp%3A%2F%2Ferrors.angularjs.org%2F1.3.15%2F%24injector%2Fnomod%3Fp0%3Dtemplates%0A%20%20%20%20at%20http%3A%2F%2Flocalhost%3A8081%2Fbase%2Fbower_components%2Fangular%2Fangular.js%3F700aefbda5f040bf61b7dc120ae1f82780ecbe1a%3A1776%0A%20%20%20%20at%20ensure%20(http%3A%2F%2Flocalhost%3A8081%2Fbase%2Fbower_components%2Fangular%2Fangular.js%3F700aefbda5f040bf61b7dc120ae1f82780ecbe1a%3A1698)%0A%20%20%20%20at%20module%20(http%3A%2F%2Flocalhost%3A8081%2Fbase%2Fbower_components%2Fangular%2Fangular.js%3F700aefbda5f040bf61b7dc120ae1f82780ecbe1a%3A1994)%0A%20%20%20%20at%20http%3A%2F%2Flocalhost%3A8081%2Fbase%2Fbower_components%2Fangular%2Fangular.js%3F700aefbda5f040bf61b7dc120ae1f82780ecbe1a%3A4115%0A%20%20%20%20at%20forEach%20(http%3A%2F%2Flocalhost%3A8081%2Fbase%2Fbower_components%2Fangular%2Fangular.js%3F700aefbda5f040bf61b7dc120ae1f82780ecbe1a%3A323)%0A%20%20%20%20at%20loadModules%20(http%3A%2F%2Flocalhost%3A8081%2Fbase%2Fbower_components%2Fangular%2Fangular.js%3F700aefbda5f040bf61b7dc120ae1f82780ecbe1a%3A4141)%0A%20%20%20%20at%20createInjector%20(http%3A%2F%2Flocalhost%3A8081%2Fbase%2Fbower_components%2Fangular%2Fangular.js%3F700aefbda5f040bf61b7dc120ae1f82780ecbe1a%3A4025)%0A%20%20%20%20at%20workFn%20(http%3A%2F%2Flocalhost%3A8081%2Fbase%2Fbower_components%2Fangular-mocks%2Fangular-mocks.js%3F781c09126d10c39566c0470b478221b008c575ff%3A2425)%0A%20%20%20%20at%20http%3A%2F%2Flocalhost%3A8081%2Fabsolute%2Fhome%2Fpatryk%2FAngularJS-exercises%2Fangular-egghead-exercises%2Fnode_modules%2Fkarma-jasmine%2Flib%2Fjasmine.js%3F437512c57124d57f5ec77e2e82bfb4e3cdd15cce%3A1145%0A%20%20%20%20at%20http%3A%2F%2Flocalhost%3A8081%2Fabsolute%2Fhome%2Fpatryk%2FAngularJS-exercises%2Fangular-egghead-exercises%2Fnode_modules%2Fkarma-jasmine%2Flib%2Fjasmine.js%3F437512c57124d57f5ec77e2e82bfb4e3cdd15cce%3A2177%0A%20%20%20%20at%20http%3A%2F%2Flocalhost%3A8081%2Fabsolute%2Fhome%2Fpatryk%2FAngularJS-exercises%2Fangular-egghead-exercises%2Fnode_modules%2Fkarma-jasmine%2Flib%2Fjasmine.js%3F437512c57124d57f5ec77e2e82bfb4e3cdd15cce%3A2130%0A%20%20%20%20at%20http%3A%2F%2Flocalhost%3A8081%2Fabsolute%2Fhome%2Fpatryk%2FAngularJS-exercises%2Fangular-egghead-exercises%2Fnode_modules%2Fkarma-jasmine%2Flib%2Fjasmine.js%3F437512c57124d57f5ec77e2e82bfb4e3cdd15cce%3A2460%0A%20%20%20%20at%20http%3A%2F%2Flocalhost%3A8081%2Fabsolute%2Fhome%2Fpatryk%2FAngularJS-exercises%2Fangular-egghead-exercises%2Fnode_modules%2Fkarma-jasmine%2Flib%2Fjasmine.js%3F437512c57124d57f5ec77e2e82bfb4e3cdd15cce%3A2177%0A%20%20%20%20at%20http%3A%2F%2Flocalhost%3A8081%2Fabsolute%2Fhome%2Fpatryk%2FAngularJS-exercises%2Fangular-egghead-exercises%2Fnode_modules%2Fkarma-jasmine%2Flib%2Fjasmine.js%3F437512c57124d57f5ec77e2e82bfb4e3cdd15cce%3A2130%0A%20%20%20%20at%20http%3A%2F%2Flocalhost%3A8081%2Fabsolute%2Fhome%2Fpatryk%2FAngularJS-exercises%2Fangular-egghead-exercises%2Fnode_modules%2Fkarma-jasmine%2Flib%2Fjasmine.js%3F437512c57124d57f5ec77e2e82bfb4e3cdd15cce%3A2606%0A%20%20%20%20at%20http%3A%2F%2Flocalhost%3A8081%2Fabsolute%2Fhome%2Fpatryk%2FAngularJS-exercises%2Fangular-egghead-exercises%2Fnode_modules%2Fkarma-jasmine%2Flib%2Fjasmine.js%3F437512c57124d57f5ec77e2e82bfb4e3cdd15cce%3A2177%0A%20%20%20%20at%20http%3A%2F%2Flocalhost%3A8081%2Fabsolute%2Fhome%2Fpatryk%2FAngularJS-exercises%2Fangular-egghead-exercises%2Fnode_modules%2Fkarma-jasmine%2Flib%2Fjasmine.js%3F437512c57124d57f5ec77e2e82bfb4e3cdd15cce%3A2173%0A%20%20%20%20at%20http%3A%2F%2Flocalhost%3A8081%2Fabsolute%2Fhome%2Fpatryk%2FAngularJS-exercises%2Fangular-egghead-exercises%2Fnode_modules%2Fkarma-jasmine%2Flib%2Fjasmine.js%3F437512c57124d57f5ec77e2e82bfb4e3cdd15cce%3A2561%0A%20%20%20%20at%20http%3A%2F%2Flocalhost%3A8081%2Fabsolute%2Fhome%2Fpatryk%2FAngularJS-exercises%2Fangular-egghead-exercises%2Fnode_modules%2Fkarma-jasmine%2Flib%2Fjasmine.js%3F437512c57124d57f5ec77e2e82bfb4e3cdd15cce%3A2605%0A%20%20%20%20at%20http%3A%2F%2Flocalhost%3A8081%2Fabsolute%2Fhome%2Fpatryk%2FAngularJS-exercises%2Fangular-egghead-exercises%2Fnode_modules%2Fkarma-jasmine%2Flib%2Fjasmine.js%3F437512c57124d57f5ec77e2e82bfb4e3cdd15cce%3A2187%0A%20%20%20%20at%20http%3A%2F%2Flocalhost%3A8081%2Fabsolute%2Fhome%2Fpatryk%2FAngularJS-exercises%2Fangular-egghead-exercises%2Fnode_modules%2Fkarma-jasmine%2Flib%2Fjasmine.js%3F437512c57124d57f5ec77e2e82bfb4e3cdd15cce%3A2173%0A%20%20%20%20at%20http%3A%2F%2Flocalhost%3A8081%2Fabsolute%2Fhome%2Fpatryk%2FAngularJS-exercises%2Fangular-egghead-exercises%2Fnode_modules%2Fkarma-jasmine%2Flib%2Fjasmine.js%3F437512c57124d57f5ec77e2e82bfb4e3cdd15cce%3A2432%0A%20%20%20%20at%20http%3A%2F%2Flocalhost%3A8081%2Fabsolute%2Fhome%2Fpatryk%2FAngularJS-exercises%2Fangular-egghead-exercises%2Fnode_modules%2Fkarma-jasmine%2Flib%2Fjasmine.js%3F437512c57124d57f5ec77e2e82bfb4e3cdd15cce%3A2459%0A%20%20%20%20at%20http%3A%2F%2Flocalhost%3A8081%2Fabsolute%2Fhome%2Fpatryk%2FAngularJS-exercises%2Fangular-egghead-exercises%2Fnode_modules%2Fkarma-jasmine%2Flib%2Fjasmine.js%3F437512c57124d57f5ec77e2e82bfb4e3cdd15cce%3A2187%0A%20%20%20%20at%20http%3A%2F%2Flocalhost%3A8081%2Fabsolute%2Fhome%2Fpatryk%2FAngularJS-exercises%2Fangular-egghead-exercises%2Fnode_modules%2Fkarma-jasmine%2Flib%2Fjasmine.js%3F437512c57124d57f5ec77e2e82bfb4e3cdd15cce%3A2167
    at /home/patryk/AngularJS-exercises/angular-egghead-exercises/app/bower_components/angular/angular.js:4139
    at forEach (/home/patryk/AngularJS-exercises/angular-egghead-exercises/app/bower_components/angular/angular.js:323)
    at loadModules (/home/patryk/AngularJS-exercises/angular-egghead-exercises/app/bower_components/angular/angular.js:4141)
    at createInjector (/home/patryk/AngularJS-exercises/angular-egghead-exercises/app/bower_components/angular/angular.js:4025)
    at workFn (/home/patryk/AngularJS-exercises/angular-egghead-exercises/app/bower_components/angular-mocks/angular-mocks.js:2425)
</failure>
      <failure type="">spyOn could not find an object to spy upon for alert()
</failure>
      <failure type="">TypeError: &apos;undefined&apos; is not an object (evaluating &apos;button.triggerHandler&apos;)
    at /home/patryk/AngularJS-exercises/angular-egghead-exercises/test/unit/box.spec.js:59
</failure>
    </testcase>
    <testcase name="should display &quot;My name is : Box. I am 90px and red&quot; alert message" time="0.003" classname="PhantomJS 1.9.8 (Linux).box bigBox">
      <failure type="">Error: [$injector:modulerr] Failed to instantiate module templates due to:
Error: [$injector:nomod] Module &apos;templates&apos; is not available! You either misspelled the module name or forgot to load it. If registering a module ensure that you specify the dependencies as the second argument.
http://errors.angularjs.org/1.3.15/$injector/nomod?p0=templates
    at /home/patryk/AngularJS-exercises/angular-egghead-exercises/app/bower_components/angular/angular.js:1776
    at ensure (/home/patryk/AngularJS-exercises/angular-egghead-exercises/app/bower_components/angular/angular.js:1698)
    at module (/home/patryk/AngularJS-exercises/angular-egghead-exercises/app/bower_components/angular/angular.js:1994)
    at /home/patryk/AngularJS-exercises/angular-egghead-exercises/app/bower_components/angular/angular.js:4115
    at forEach (/home/patryk/AngularJS-exercises/angular-egghead-exercises/app/bower_components/angular/angular.js:323)
    at loadModules (/home/patryk/AngularJS-exercises/angular-egghead-exercises/app/bower_components/angular/angular.js:4141)
    at createInjector (/home/patryk/AngularJS-exercises/angular-egghead-exercises/app/bower_components/angular/angular.js:4025)
    at workFn (/home/patryk/AngularJS-exercises/angular-egghead-exercises/app/bower_components/angular-mocks/angular-mocks.js:2425)
http://errors.angularjs.org/1.3.15/$injector/modulerr?p0=templates&amp;p1=Error%3A%20%5B%24injector%3Anomod%5D%20Module%20&apos;templates&apos;%20is%20not%20available!%20You%20either%20misspelled%20the%20module%20name%20or%20forgot%20to%20load%20it.%20If%20registering%20a%20module%20ensure%20that%20you%20specify%20the%20dependencies%20as%20the%20second%20argument.%0Ahttp%3A%2F%2Ferrors.angularjs.org%2F1.3.15%2F%24injector%2Fnomod%3Fp0%3Dtemplates%0A%20%20%20%20at%20http%3A%2F%2Flocalhost%3A8081%2Fbase%2Fbower_components%2Fangular%2Fangular.js%3F700aefbda5f040bf61b7dc120ae1f82780ecbe1a%3A1776%0A%20%20%20%20at%20ensure%20(http%3A%2F%2Flocalhost%3A8081%2Fbase%2Fbower_components%2Fangular%2Fangular.js%3F700aefbda5f040bf61b7dc120ae1f82780ecbe1a%3A1698)%0A%20%20%20%20at%20module%20(http%3A%2F%2Flocalhost%3A8081%2Fbase%2Fbower_components%2Fangular%2Fangular.js%3F700aefbda5f040bf61b7dc120ae1f82780ecbe1a%3A1994)%0A%20%20%20%20at%20http%3A%2F%2Flocalhost%3A8081%2Fbase%2Fbower_components%2Fangular%2Fangular.js%3F700aefbda5f040bf61b7dc120ae1f82780ecbe1a%3A4115%0A%20%20%20%20at%20forEach%20(http%3A%2F%2Flocalhost%3A8081%2Fbase%2Fbower_components%2Fangular%2Fangular.js%3F700aefbda5f040bf61b7dc120ae1f82780ecbe1a%3A323)%0A%20%20%20%20at%20loadModules%20(http%3A%2F%2Flocalhost%3A8081%2Fbase%2Fbower_components%2Fangular%2Fangular.js%3F700aefbda5f040bf61b7dc120ae1f82780ecbe1a%3A4141)%0A%20%20%20%20at%20createInjector%20(http%3A%2F%2Flocalhost%3A8081%2Fbase%2Fbower_components%2Fangular%2Fangular.js%3F700aefbda5f040bf61b7dc120ae1f82780ecbe1a%3A4025)%0A%20%20%20%20at%20workFn%20(http%3A%2F%2Flocalhost%3A8081%2Fbase%2Fbower_components%2Fangular-mocks%2Fangular-mocks.js%3F781c09126d10c39566c0470b478221b008c575ff%3A2425)%0A%20%20%20%20at%20http%3A%2F%2Flocalhost%3A8081%2Fabsolute%2Fhome%2Fpatryk%2FAngularJS-exercises%2Fangular-egghead-exercises%2Fnode_modules%2Fkarma-jasmine%2Flib%2Fjasmine.js%3F437512c57124d57f5ec77e2e82bfb4e3cdd15cce%3A1145%0A%20%20%20%20at%20http%3A%2F%2Flocalhost%3A8081%2Fabsolute%2Fhome%2Fpatryk%2FAngularJS-exercises%2Fangular-egghead-exercises%2Fnode_modules%2Fkarma-jasmine%2Flib%2Fjasmine.js%3F437512c57124d57f5ec77e2e82bfb4e3cdd15cce%3A2177%0A%20%20%20%20at%20http%3A%2F%2Flocalhost%3A8081%2Fabsolute%2Fhome%2Fpatryk%2FAngularJS-exercises%2Fangular-egghead-exercises%2Fnode_modules%2Fkarma-jasmine%2Flib%2Fjasmine.js%3F437512c57124d57f5ec77e2e82bfb4e3cdd15cce%3A2130%0A%20%20%20%20at%20http%3A%2F%2Flocalhost%3A8081%2Fabsolute%2Fhome%2Fpatryk%2FAngularJS-exercises%2Fangular-egghead-exercises%2Fnode_modules%2Fkarma-jasmine%2Flib%2Fjasmine.js%3F437512c57124d57f5ec77e2e82bfb4e3cdd15cce%3A2460%0A%20%20%20%20at%20http%3A%2F%2Flocalhost%3A8081%2Fabsolute%2Fhome%2Fpatryk%2FAngularJS-exercises%2Fangular-egghead-exercises%2Fnode_modules%2Fkarma-jasmine%2Flib%2Fjasmine.js%3F437512c57124d57f5ec77e2e82bfb4e3cdd15cce%3A2177%0A%20%20%20%20at%20http%3A%2F%2Flocalhost%3A8081%2Fabsolute%2Fhome%2Fpatryk%2FAngularJS-exercises%2Fangular-egghead-exercises%2Fnode_modules%2Fkarma-jasmine%2Flib%2Fjasmine.js%3F437512c57124d57f5ec77e2e82bfb4e3cdd15cce%3A2130%0A%20%20%20%20at%20http%3A%2F%2Flocalhost%3A8081%2Fabsolute%2Fhome%2Fpatryk%2FAngularJS-exercises%2Fangular-egghead-exercises%2Fnode_modules%2Fkarma-jasmine%2Flib%2Fjasmine.js%3F437512c57124d57f5ec77e2e82bfb4e3cdd15cce%3A2606%0A%20%20%20%20at%20http%3A%2F%2Flocalhost%3A8081%2Fabsolute%2Fhome%2Fpatryk%2FAngularJS-exercises%2Fangular-egghead-exercises%2Fnode_modules%2Fkarma-jasmine%2Flib%2Fjasmine.js%3F437512c57124d57f5ec77e2e82bfb4e3cdd15cce%3A2177%0A%20%20%20%20at%20http%3A%2F%2Flocalhost%3A8081%2Fabsolute%2Fhome%2Fpatryk%2FAngularJS-exercises%2Fangular-egghead-exercises%2Fnode_modules%2Fkarma-jasmine%2Flib%2Fjasmine.js%3F437512c57124d57f5ec77e2e82bfb4e3cdd15cce%3A2173%0A%20%20%20%20at%20http%3A%2F%2Flocalhost%3A8081%2Fabsolute%2Fhome%2Fpatryk%2FAngularJS-exercises%2Fangular-egghead-exercises%2Fnode_modules%2Fkarma-jasmine%2Flib%2Fjasmine.js%3F437512c57124d57f5ec77e2e82bfb4e3cdd15cce%3A2561%0A%20%20%20%20at%20http%3A%2F%2Flocalhost%3A8081%2Fabsolute%2Fhome%2Fpatryk%2FAngularJS-exercises%2Fangular-egghead-exercises%2Fnode_modules%2Fkarma-jasmine%2Flib%2Fjasmine.js%3F437512c57124d57f5ec77e2e82bfb4e3cdd15cce%3A2605%0A%20%20%20%20at%20http%3A%2F%2Flocalhost%3A8081%2Fabsolute%2Fhome%2Fpatryk%2FAngularJS-exercises%2Fangular-egghead-exercises%2Fnode_modules%2Fkarma-jasmine%2Flib%2Fjasmine.js%3F437512c57124d57f5ec77e2e82bfb4e3cdd15cce%3A2187%0A%20%20%20%20at%20http%3A%2F%2Flocalhost%3A8081%2Fabsolute%2Fhome%2Fpatryk%2FAngularJS-exercises%2Fangular-egghead-exercises%2Fnode_modules%2Fkarma-jasmine%2Flib%2Fjasmine.js%3F437512c57124d57f5ec77e2e82bfb4e3cdd15cce%3A2173%0A%20%20%20%20at%20http%3A%2F%2Flocalhost%3A8081%2Fabsolute%2Fhome%2Fpatryk%2FAngularJS-exercises%2Fangular-egghead-exercises%2Fnode_modules%2Fkarma-jasmine%2Flib%2Fjasmine.js%3F437512c57124d57f5ec77e2e82bfb4e3cdd15cce%3A2432%0A%20%20%20%20at%20http%3A%2F%2Flocalhost%3A8081%2Fabsolute%2Fhome%2Fpatryk%2FAngularJS-exercises%2Fangular-egghead-exercises%2Fnode_modules%2Fkarma-jasmine%2Flib%2Fjasmine.js%3F437512c57124d57f5ec77e2e82bfb4e3cdd15cce%3A2459%0A%20%20%20%20at%20http%3A%2F%2Flocalhost%3A8081%2Fabsolute%2Fhome%2Fpatryk%2FAngularJS-exercises%2Fangular-egghead-exercises%2Fnode_modules%2Fkarma-jasmine%2Flib%2Fjasmine.js%3F437512c57124d57f5ec77e2e82bfb4e3cdd15cce%3A2187%0A%20%20%20%20at%20http%3A%2F%2Flocalhost%3A8081%2Fabsolute%2Fhome%2Fpatryk%2FAngularJS-exercises%2Fangular-egghead-exercises%2Fnode_modules%2Fkarma-jasmine%2Flib%2Fjasmine.js%3F437512c57124d57f5ec77e2e82bfb4e3cdd15cce%3A2167
    at /home/patryk/AngularJS-exercises/angular-egghead-exercises/app/bower_components/angular/angular.js:4139
    at forEach (/home/patryk/AngularJS-exercises/angular-egghead-exercises/app/bower_components/angular/angular.js:323)
    at loadModules (/home/patryk/AngularJS-exercises/angular-egghead-exercises/app/bower_components/angular/angular.js:4141)
    at createInjector (/home/patryk/AngularJS-exercises/angular-egghead-exercises/app/bower_components/angular/angular.js:4025)
    at workFn (/home/patryk/AngularJS-exercises/angular-egghead-exercises/app/bower_components/angular-mocks/angular-mocks.js:2425)
</failure>
      <failure type="">spyOn could not find an object to spy upon for alert()
</failure>
      <failure type="">TypeError: &apos;undefined&apos; is not an object (evaluating &apos;button.triggerHandler&apos;)
    at /home/patryk/AngularJS-exercises/angular-egghead-exercises/test/unit/box.spec.js:73
</failure>
    </testcase>
    <system-out><![CDATA[
]]></system-out>
    <system-err/>
  </testsuite>
</testsuites>
